<?xml version="1.0" encoding="UTF-8"?>
<testng-results ignored="0" total="1" passed="1" failed="0" skipped="0">
  <reporter-output>
  </reporter-output>
  <suite started-at="2024-09-17T11:35:02 IST" name="Default suite" finished-at="2024-09-17T11:35:37 IST" duration-ms="35359">
    <groups>
    </groups>
    <test started-at="2024-09-17T11:35:02 IST" name="Default test" finished-at="2024-09-17T11:35:37 IST" duration-ms="35359">
      <class name="com.hybrid.testclass.TcLogInTestCase">
        <test-method is-config="true" signature="setup()[pri:0, instance:com.hybrid.testclass.TcLogInTestCase@ba2f4ec]" started-at="2024-09-17T11:35:02 IST" name="setup" finished-at="2024-09-17T11:35:15 IST" duration-ms="13341" status="PASS">
          <reporter-output>
          </reporter-output>
        </test-method> <!-- setup -->
        <test-method signature="Signup()[pri:1, instance:com.hybrid.testclass.TcLogInTestCase@ba2f4ec]" started-at="2024-09-17T11:35:15 IST" name="Signup" description="click the operation signup and signout test case" finished-at="2024-09-17T11:35:34 IST" duration-ms="18774" status="PASS">
          <reporter-output>
          </reporter-output>
        </test-method> <!-- Signup -->
        <test-method is-config="true" signature="tearup()[pri:0, instance:com.hybrid.testclass.TcLogInTestCase@ba2f4ec]" started-at="2024-09-17T11:35:34 IST" name="tearup" finished-at="2024-09-17T11:35:37 IST" duration-ms="3171" status="PASS">
          <reporter-output>
          </reporter-output>
        </test-method> <!-- tearup -->
      </class> <!-- com.hybrid.testclass.TcLogInTestCase -->
    </test> <!-- Default test -->
  </suite> <!-- Default suite -->
</testng-results>
